c:\users\proyecto\documents\fundamentos\motor\motor\debug\vc140.pdb
c:\users\proyecto\documents\fundamentos\motor\motor\debug\.netframework,version=v4.5.2.assemblyattributes.obj
c:\users\proyecto\documents\fundamentos\motor\motor\debug\.netframework,version=v4.5.2.assemblyattributes.asm
c:\users\proyecto\documents\fundamentos\motor\motor\debug\main.obj
c:\users\proyecto\documents\fundamentos201901\proyectos\motor\debug\vc140.pdb
c:\users\proyecto\documents\fundamentos201901\proyectos\motor\debug\maingame.obj
c:\users\proyecto\documents\fundamentos201901\proyectos\motor\debug\main.obj
c:\users\proyecto\documents\fundamentos201901\proyectos\motor\debug\motor.vcxprojresolveassemblyreference.cache
c:\users\proyecto\documents\fundamentos201901\proyectos\motor\debug\.netframework,version=v4.5.2.assemblyattributes.obj
c:\users\proyecto\documents\fundamentos201901\proyectos\debug\motor.pdb
c:\users\proyecto\documents\fundamentos201901\proyectos\motor\debug\motor.tlog\cl.command.1.tlog
c:\users\proyecto\documents\fundamentos201901\proyectos\motor\debug\motor.tlog\cl.read.1.tlog
c:\users\proyecto\documents\fundamentos201901\proyectos\motor\debug\motor.tlog\cl.write.1.tlog
c:\users\proyecto\documents\fundamentos201901\proyectos\motor\debug\motor.tlog\link.1168.7728-cvtres.read.1.tlog
c:\users\proyecto\documents\fundamentos201901\proyectos\motor\debug\motor.tlog\link.1168.7728-cvtres.write.1.tlog
c:\users\proyecto\documents\fundamentos201901\proyectos\motor\debug\motor.tlog\link.1168.7728-rc.read.1.tlog
c:\users\proyecto\documents\fundamentos201901\proyectos\motor\debug\motor.tlog\link.1168.7728-rc.write.1.tlog
c:\users\proyecto\documents\fundamentos201901\proyectos\motor\debug\motor.tlog\link.1168.7728.read.1.tlog
c:\users\proyecto\documents\fundamentos201901\proyectos\motor\debug\motor.tlog\link.1168.7728.write.1.tlog
c:\users\proyecto\documents\fundamentos201901\proyectos\motor\debug\motor.tlog\link.1168.read.1.tlog
c:\users\proyecto\documents\fundamentos201901\proyectos\motor\debug\motor.tlog\link.1168.write.1.tlog
c:\users\proyecto\documents\fundamentos201901\proyectos\motor\debug\motor.tlog\link.6708.11456-cvtres.read.1.tlog
c:\users\proyecto\documents\fundamentos201901\proyectos\motor\debug\motor.tlog\link.6708.11456-cvtres.write.1.tlog
c:\users\proyecto\documents\fundamentos201901\proyectos\motor\debug\motor.tlog\link.6708.11456-rc.read.1.tlog
c:\users\proyecto\documents\fundamentos201901\proyectos\motor\debug\motor.tlog\link.6708.11456-rc.write.1.tlog
c:\users\proyecto\documents\fundamentos201901\proyectos\motor\debug\motor.tlog\link.6708.11456.read.1.tlog
c:\users\proyecto\documents\fundamentos201901\proyectos\motor\debug\motor.tlog\link.6708.11456.write.1.tlog
c:\users\proyecto\documents\fundamentos201901\proyectos\motor\debug\motor.tlog\link.6708.read.1.tlog
c:\users\proyecto\documents\fundamentos201901\proyectos\motor\debug\motor.tlog\link.6708.write.1.tlog
c:\users\proyecto\documents\fundamentos201901\proyectos\motor\debug\motor.tlog\link.6996.2628-cvtres.read.1.tlog
c:\users\proyecto\documents\fundamentos201901\proyectos\motor\debug\motor.tlog\link.6996.2628-cvtres.write.1.tlog
c:\users\proyecto\documents\fundamentos201901\proyectos\motor\debug\motor.tlog\link.6996.2628-rc.read.1.tlog
c:\users\proyecto\documents\fundamentos201901\proyectos\motor\debug\motor.tlog\link.6996.2628-rc.write.1.tlog
c:\users\proyecto\documents\fundamentos201901\proyectos\motor\debug\motor.tlog\link.6996.2628.read.1.tlog
c:\users\proyecto\documents\fundamentos201901\proyectos\motor\debug\motor.tlog\link.6996.2628.write.1.tlog
c:\users\proyecto\documents\fundamentos201901\proyectos\motor\debug\motor.tlog\link.6996.read.1.tlog
c:\users\proyecto\documents\fundamentos201901\proyectos\motor\debug\motor.tlog\link.6996.write.1.tlog
c:\users\proyecto\documents\fundamentos201901\proyectos\motor\debug\motor.tlog\link.command.1.tlog
c:\users\proyecto\documents\fundamentos201901\proyectos\motor\debug\motor.tlog\link.read.1.tlog
c:\users\proyecto\documents\fundamentos201901\proyectos\motor\debug\motor.tlog\link.write.1.tlog
c:\users\proyecto\documents\fundamentos201901\proyectos\motor\debug\motor.tlog\metagen.read.1.tlog
c:\users\proyecto\documents\fundamentos201901\proyectos\motor\debug\motor.tlog\metagen.write.1.tlog
c:\users\proyecto\documents\fundamentos201901\proyectos\motor\debug\motor.tlog\tzres.dll.bi
