c:\users\proyecto\documents\fundamentos201901\proyectos\papuengine\debug\vc140.pdb
c:\users\proyecto\documents\fundamentos201901\proyectos\papuengine\debug\vc140.idb
c:\users\proyecto\documents\fundamentos201901\proyectos\papuengine\debug\gls_program.obj
c:\users\proyecto\documents\fundamentos201901\proyectos\papuengine\debug\human.obj
c:\users\proyecto\documents\fundamentos201901\proyectos\papuengine\debug\imageloader.obj
c:\users\proyecto\documents\fundamentos201901\proyectos\papuengine\debug\inputmanager.obj
c:\users\proyecto\documents\fundamentos201901\proyectos\papuengine\debug\iomanager.obj
c:\users\proyecto\documents\fundamentos201901\proyectos\papuengine\debug\level.obj
c:\users\proyecto\documents\fundamentos201901\proyectos\papuengine\debug\main.obj
c:\users\proyecto\documents\fundamentos201901\proyectos\papuengine\debug\maingame.obj
c:\users\proyecto\documents\fundamentos201901\proyectos\papuengine\debug\menuscreen.obj
c:\users\proyecto\documents\fundamentos201901\proyectos\papuengine\debug\papuengine.obj
c:\users\proyecto\documents\fundamentos201901\proyectos\papuengine\debug\picopng.obj
c:\users\proyecto\documents\fundamentos201901\proyectos\papuengine\debug\player.obj
c:\users\proyecto\documents\fundamentos201901\proyectos\papuengine\debug\resourcemanager.obj
c:\users\proyecto\documents\fundamentos201901\proyectos\papuengine\debug\screenlist.obj
c:\users\proyecto\documents\fundamentos201901\proyectos\papuengine\debug\sprite.obj
c:\users\proyecto\documents\fundamentos201901\proyectos\papuengine\debug\spritebatch.obj
c:\users\proyecto\documents\fundamentos201901\proyectos\papuengine\debug\spritefont.obj
c:\users\proyecto\documents\fundamentos201901\proyectos\papuengine\debug\texturecache.obj
c:\users\proyecto\documents\fundamentos201901\proyectos\papuengine\debug\window.obj
c:\users\proyecto\documents\fundamentos201901\proyectos\papuengine\debug\zombie.obj
c:\users\proyecto\documents\fundamentos201901\proyectos\papuengine\debug\agent.obj
c:\users\proyecto\documents\fundamentos201901\proyectos\papuengine\debug\app.obj
c:\users\proyecto\documents\fundamentos201901\proyectos\papuengine\debug\camera2d.obj
c:\users\proyecto\documents\fundamentos201901\proyectos\papuengine\debug\error.obj
c:\users\proyecto\documents\fundamentos201901\proyectos\papuengine\debug\game.obj
c:\users\proyecto\documents\fundamentos201901\proyectos\papuengine\debug\gamescreen.obj
c:\users\proyecto\documents\fundamentos201901\proyectos\debug\papuengine.pdb
c:\users\proyecto\documents\fundamentos201901\proyectos\papuengine\debug\papuengine.tlog\cl.command.1.tlog
c:\users\proyecto\documents\fundamentos201901\proyectos\papuengine\debug\papuengine.tlog\cl.read.1.tlog
c:\users\proyecto\documents\fundamentos201901\proyectos\papuengine\debug\papuengine.tlog\cl.write.1.tlog
c:\users\proyecto\documents\fundamentos201901\proyectos\papuengine\debug\papuengine.tlog\link-cvtres.read.1.tlog
c:\users\proyecto\documents\fundamentos201901\proyectos\papuengine\debug\papuengine.tlog\link-cvtres.write.1.tlog
c:\users\proyecto\documents\fundamentos201901\proyectos\papuengine\debug\papuengine.tlog\link-rc.read.1.tlog
c:\users\proyecto\documents\fundamentos201901\proyectos\papuengine\debug\papuengine.tlog\link-rc.write.1.tlog
c:\users\proyecto\documents\fundamentos201901\proyectos\papuengine\debug\papuengine.tlog\link.command.1.tlog
c:\users\proyecto\documents\fundamentos201901\proyectos\papuengine\debug\papuengine.tlog\link.read.1.tlog
c:\users\proyecto\documents\fundamentos201901\proyectos\papuengine\debug\papuengine.tlog\link.write.1.tlog
